#
# There is insufficient memory for the Java Runtime Environment to continue.
# Native memory allocation (mmap) failed to map 22028288 bytes for committing reserved memory.
# Possible reasons:
#   The system is out of physical RAM or swap space
#   In 32 bit mode, the process size limit was hit
# Possible solutions:
#   Reduce memory load on the system
#   Increase physical memory or swap space
#   Check if swap backing store is full
#   Use 64 bit Java on a 64 bit OS
#   Decrease Java heap size (-Xmx/-Xms)
#   Decrease number of Java threads
#   Decrease Java thread stack sizes (-Xss)
#   Set larger code cache with -XX:ReservedCodeCacheSize=
# This output file may be truncated or incomplete.
#
#  Out of Memory Error (os_linux.cpp:2640), pid=18813, tid=0x00007f2d97c6c700
#
# JRE version: Java(TM) SE Runtime Environment (8.0_151-b12) (build 1.8.0_151-b12)
# Java VM: Java HotSpot(TM) 64-Bit Server VM (25.151-b12 mixed mode linux-amd64 compressed oops)
# Failed to write core dump. Core dumps have been disabled. To enable core dumping, try "ulimit -c unlimited" before starting Java again
#

---------------  T H R E A D  ---------------

Current thread (0x00007f2da806f000):  VMThread [stack: 0x00007f2d97b6c000,0x00007f2d97c6d000] [id=18817]

Stack: [0x00007f2d97b6c000,0x00007f2d97c6d000],  sp=0x00007f2d97c6b140,  free space=1020k
Native frames: (J=compiled Java code, j=interpreted, Vv=VM code, C=native code)
V  [libjvm.so+0xacb58a]  VMError::report_and_die()+0x2ba
V  [libjvm.so+0x4ff4ab]  report_vm_out_of_memory(char const*, int, unsigned long, VMErrorType, char const*)+0x8b
V  [libjvm.so+0x928113]  os::Linux::commit_memory_impl(char*, unsigned long, bool)+0x103
V  [libjvm.so+0x928669]  os::pd_commit_memory(char*, unsigned long, unsigned long, bool)+0x29
V  [libjvm.so+0x92288a]  os::commit_memory(char*, unsigned long, unsigned long, bool)+0x2a
V  [libjvm.so+0xac72e9]  VirtualSpace::expand_by(unsigned long, bool)+0x199
V  [libjvm.so+0x5fcbc5]  OneContigSpaceCardGeneration::grow_by(unsigned long)+0x25
V  [libjvm.so+0x5fcf8f]  CardGeneration::expand(unsigned long, unsigned long)+0x6f
V  [libjvm.so+0x5fd03e]  OneContigSpaceCardGeneration::expand(unsigned long, unsigned long)+0x3e
V  [libjvm.so+0x5ee2f4]  GenCollectedHeap::do_collection(bool, bool, unsigned long, bool, int)+0x734
V  [libjvm.so+0x48a414]  GenCollectorPolicy::satisfy_failed_allocation(unsigned long, bool)+0x134
V  [libjvm.so+0xacc594]  VM_GenCollectForAllocation::doit()+0x94
V  [libjvm.so+0xad4a85]  VM_Operation::evaluate()+0x55
V  [libjvm.so+0xad2e5a]  VMThread::evaluate_operation(VM_Operation*)+0xba
V  [libjvm.so+0xad31de]  VMThread::loop()+0x1ce
V  [libjvm.so+0xad3650]  VMThread::run()+0x70
V  [libjvm.so+0x92a728]  java_start(Thread*)+0x108

VM_Operation (0x00007f2d94e4ea40): GenCollectForAllocation, mode: safepoint, requested by thread 0x00007f2d8000c800


---------------  P R O C E S S  ---------------

Java Threads: ( => current thread )
  0x00007f2d908a0800 JavaThread "Memory manager" [_thread_blocked, id=18863, stack(0x00007f2d94957000,0x00007f2d94a58000)]
  0x00007f2d90bfd000 JavaThread "build operations" [_thread_blocked, id=18855, stack(0x00007f2d763f6000,0x00007f2d764f7000)]
  0x00007f2d909db800 JavaThread "Cache worker for Artifact transforms cache (/home/osboxes/.gradle/caches/transforms-1)" [_thread_blocked, id=18843, stack(0x00007f2d94009000,0x00007f2d9410a000)]
  0x00007f2d9029c800 JavaThread "Cache worker for file hash cache (/home/osboxes/CodeDayProjects/tommy-script/.gradle/4.3.1/fileHashes)" [_thread_blocked, id=18841, stack(0x00007f2d94454000,0x00007f2d94555000)]
  0x00007f2d90204800 JavaThread "File lock request listener" [_thread_in_native, id=18838, stack(0x00007f2d94755000,0x00007f2d94856000)]
  0x00007f2d901e5000 JavaThread "Cache worker for file hash cache (/home/osboxes/.gradle/caches/4.3.1/fileHashes)" [_thread_blocked, id=18837, stack(0x00007f2d94856000,0x00007f2d94957000)]
  0x00007f2d9003d800 JavaThread "Asynchronous log dispatcher for DefaultDaemonConnection: socket connection from /127.0.0.1:43621 to /127.0.0.1:48912" [_thread_blocked, id=18832, stack(0x00007f2d94a58000,0x00007f2d94b59000)]
  0x00007f2d8000c800 JavaThread "Daemon worker" [_thread_blocked, id=18831, stack(0x00007f2d94d59000,0x00007f2d94e5a000)]
  0x00007f2d8000b000 JavaThread "Cancel handler" [_thread_blocked, id=18830, stack(0x00007f2d94e5a000,0x00007f2d94f5b000)]
  0x00007f2d80006000 JavaThread "Handler for socket connection from /127.0.0.1:43621 to /127.0.0.1:48912" [_thread_in_native, id=18829, stack(0x00007f2d94f5b000,0x00007f2d9505c000)]
  0x00007f2d78313000 JavaThread "Daemon" [_thread_blocked, id=18828, stack(0x00007f2d9505c000,0x00007f2d9515d000)]
  0x00007f2da8d5f000 JavaThread "Daemon periodic checks" [_thread_blocked, id=18827, stack(0x00007f2d9515d000,0x00007f2d9525e000)]
  0x00007f2da8d3b000 JavaThread "Incoming local TCP Connector on port 43621" [_thread_in_native, id=18826, stack(0x00007f2d95265000,0x00007f2d95366000)]
  0x00007f2da8cf7000 JavaThread "Daemon health stats" [_thread_blocked, id=18825, stack(0x00007f2d9556b000,0x00007f2d9566c000)]
  0x00007f2da80bd000 JavaThread "Service Thread" daemon [_thread_blocked, id=18823, stack(0x00007f2d96b9c000,0x00007f2d96c9d000)]
  0x00007f2da80b2000 JavaThread "C1 CompilerThread1" daemon [_thread_blocked, id=18822, stack(0x00007f2d96c9d000,0x00007f2d96d9e000)]
  0x00007f2da80b0000 JavaThread "C2 CompilerThread0" daemon [_thread_blocked, id=18821, stack(0x00007f2d96d9e000,0x00007f2d96e9f000)]
  0x00007f2da80ae800 JavaThread "Signal Dispatcher" daemon [_thread_blocked, id=18820, stack(0x00007f2d96e9f000,0x00007f2d96fa0000)]
  0x00007f2da807b800 JavaThread "Finalizer" daemon [_thread_blocked, id=18819, stack(0x00007f2d9796a000,0x00007f2d97a6b000)]
  0x00007f2da8077000 JavaThread "Reference Handler" daemon [_thread_blocked, id=18818, stack(0x00007f2d97a6b000,0x00007f2d97b6c000)]
  0x00007f2da800a800 JavaThread "main" [_thread_blocked, id=18816, stack(0x00007f2daeceb000,0x00007f2daedec000)]

Other Threads:
=>0x00007f2da806f000 VMThread [stack: 0x00007f2d97b6c000,0x00007f2d97c6d000] [id=18817]
  0x00007f2da80c0800 WatcherThread [stack: 0x00007f2d96a9b000,0x00007f2d96b9c000] [id=18824]

VM state:at safepoint (normal execution)

VM Mutex/Monitor currently owned by a thread:  ([mutex/lock_event])
[0x00007f2da8006f10] Threads_lock - owner thread: 0x00007f2da806f000
[0x00007f2da8007410] Heap_lock - owner thread: 0x00007f2d8000c800

Heap:
 def new generation   total 14400K, used 1509K [0x00000000c0000000, 0x00000000c0f90000, 0x00000000d5550000)
  eden space 12864K,  11% used [0x00000000c0000000, 0x00000000c0179798, 0x00000000c0c90000)
  from space 1536K,   0% used [0x00000000c0c90000, 0x00000000c0c90000, 0x00000000c0e10000)
  to   space 1536K,   0% used [0x00000000c0e10000, 0x00000000c0e10000, 0x00000000c0f90000)
 tenured generation   total 32268K, used 32267K [0x00000000d5550000, 0x00000000d74d3000, 0x0000000100000000)
   the space 32268K,  99% used [0x00000000d5550000, 0x00000000d74d2ff8, 0x00000000d74d3000, 0x00000000d74d3000)
 Metaspace       used 47674K, capacity 48666K, committed 48896K, reserved 1091584K
  class space    used 6578K, capacity 6889K, committed 6912K, reserved 1048576K

Card table byte_map: [0x00007f2dac004000,0x00007f2dac205000] byte_map_base: 0x00007f2daba04000

Polling page: 0x00007f2daee00000

CodeCache: size=245760Kb used=17094Kb max_used=17100Kb free=228665Kb
 bounds [0x00007f2d98bd2000, 0x00007f2d99ca2000, 0x00007f2da7bd2000]
 total_blobs=5772 nmethods=5030 adapters=654
 compilation: enabled

Compilation events (10 events):
Event: 179.629 Thread 0x00007f2da80b2000 6148       3       org.codehaus.groovy.reflection.CachedMethod::getPT (8 bytes)
Event: 179.633 Thread 0x00007f2da80b0000 nmethod 6131 0x00007f2d99c99e90 code [0x00007f2d99c99fe0, 0x00007f2d99c9a118]
Event: 179.633 Thread 0x00007f2da80b0000 6149       4       groovyjarjarasm.asm.Item::a (143 bytes)
Event: 179.636 Thread 0x00007f2da80b2000 nmethod 6148 0x00007f2d99c997d0 code [0x00007f2d99c99960, 0x00007f2d99c99d40]
Event: 179.636 Thread 0x00007f2da80b2000 6150       3       org.gradle.internal.resolve.result.DefaultBuildableTypedResolveResult::assertHasResult (18 bytes)
Event: 179.641 Thread 0x00007f2da80b2000 nmethod 6150 0x00007f2d99c99190 code [0x00007f2d99c99320, 0x00007f2d99c996e0]
Event: 179.655 Thread 0x00007f2da80b2000 6151       3       groovy.lang.MetaClassImpl$MethodIndex::<init> (10 bytes)
Event: 179.656 Thread 0x00007f2da80b2000 nmethod 6151 0x00007f2d99c94ed0 code [0x00007f2d99c95060, 0x00007f2d99c954d0]
Event: 179.656 Thread 0x00007f2da80b2000 6152       3       groovy.lang.MetaClassImpl$Index::<init> (5 bytes)
Event: 179.660 Thread 0x00007f2da80b2000 nmethod 6152 0x00007f2d99c94790 code [0x00007f2d99c94920, 0x00007f2d99c94d10]

GC Heap History (10 events):
Event: 156.265 GC heap after
Heap after GC invocations=98 (full 4):
 def new generation   total 14400K, used 988K [0x00000000c0000000, 0x00000000c0f90000, 0x00000000d5550000)
  eden space 12864K,   0% used [0x00000000c0000000, 0x00000000c0000000, 0x00000000c0c90000)
  from space 1536K,  64% used [0x00000000c0e10000, 0x00000000c0f07288, 0x00000000c0f90000)
  to   space 1536K,   0% used [0x00000000c0c90000, 0x00000000c0c90000, 0x00000000c0e10000)
 tenured generation   total 31692K, used 25027K [0x00000000d5550000, 0x00000000d7443000, 0x0000000100000000)
   the space 31692K,  78% used [0x00000000d5550000, 0x00000000d6dc0e88, 0x00000000d6dc1000, 0x00000000d7443000)
 Metaspace       used 46252K, capacity 47102K, committed 47360K, reserved 1089536K
  class space    used 6353K, capacity 6623K, committed 6656K, reserved 1048576K
}
Event: 165.607 GC heap before
{Heap before GC invocations=98 (full 4):
 def new generation   total 14400K, used 13852K [0x00000000c0000000, 0x00000000c0f90000, 0x00000000d5550000)
  eden space 12864K, 100% used [0x00000000c0000000, 0x00000000c0c90000, 0x00000000c0c90000)
  from space 1536K,  64% used [0x00000000c0e10000, 0x00000000c0f07288, 0x00000000c0f90000)
  to   space 1536K,   0% used [0x00000000c0c90000, 0x00000000c0c90000, 0x00000000c0e10000)
 tenured generation   total 31692K, used 25027K [0x00000000d5550000, 0x00000000d7443000, 0x0000000100000000)
   the space 31692K,  78% used [0x00000000d5550000, 0x00000000d6dc0e88, 0x00000000d6dc1000, 0x00000000d7443000)
 Metaspace       used 46799K, capacity 47670K, committed 48000K, reserved 1091584K
  class space    used 6420K, capacity 6724K, committed 6784K, reserved 1048576K
Event: 165.784 GC heap after
Heap after GC invocations=99 (full 4):
 def new generation   total 14400K, used 1031K [0x00000000c0000000, 0x00000000c0f90000, 0x00000000d5550000)
  eden space 12864K,   0% used [0x00000000c0000000, 0x00000000c0000000, 0x00000000c0c90000)
  from space 1536K,  67% used [0x00000000c0c90000, 0x00000000c0d91d48, 0x00000000c0e10000)
  to   space 1536K,   0% used [0x00000000c0e10000, 0x00000000c0e10000, 0x00000000c0f90000)
 tenured generation   total 31692K, used 25695K [0x00000000d5550000, 0x00000000d7443000, 0x0000000100000000)
   the space 31692K,  81% used [0x00000000d5550000, 0x00000000d6e67c70, 0x00000000d6e67e00, 0x00000000d7443000)
 Metaspace       used 46799K, capacity 47670K, committed 48000K, reserved 1091584K
  class space    used 6420K, capacity 6724K, committed 6784K, reserved 1048576K
}
Event: 170.639 GC heap before
{Heap before GC invocations=99 (full 4):
 def new generation   total 14400K, used 13895K [0x00000000c0000000, 0x00000000c0f90000, 0x00000000d5550000)
  eden space 12864K, 100% used [0x00000000c0000000, 0x00000000c0c90000, 0x00000000c0c90000)
  from space 1536K,  67% used [0x00000000c0c90000, 0x00000000c0d91d48, 0x00000000c0e10000)
  to   space 1536K,   0% used [0x00000000c0e10000, 0x00000000c0e10000, 0x00000000c0f90000)
 tenured generation   total 31692K, used 25695K [0x00000000d5550000, 0x00000000d7443000, 0x0000000100000000)
   the space 31692K,  81% used [0x00000000d5550000, 0x00000000d6e67c70, 0x00000000d6e67e00, 0x00000000d7443000)
 Metaspace       used 47202K, capacity 48072K, committed 48256K, reserved 1091584K
  class space    used 6477K, capacity 6771K, committed 6784K, reserved 1048576K
Event: 171.094 GC heap after
Heap after GC invocations=100 (full 4):
 def new generation   total 14400K, used 1536K [0x00000000c0000000, 0x00000000c0f90000, 0x00000000d5550000)
  eden space 12864K,   0% used [0x00000000c0000000, 0x00000000c0000000, 0x00000000c0c90000)
  from space 1536K, 100% used [0x00000000c0e10000, 0x00000000c0f90000, 0x00000000c0f90000)
  to   space 1536K,   0% used [0x00000000c0c90000, 0x00000000c0c90000, 0x00000000c0e10000)
 tenured generation   total 31692K, used 26305K [0x00000000d5550000, 0x00000000d7443000, 0x0000000100000000)
   the space 31692K,  83% used [0x00000000d5550000, 0x00000000d6f00578, 0x00000000d6f00600, 0x00000000d7443000)
 Metaspace       used 47202K, capacity 48072K, committed 48256K, reserved 1091584K
  class space    used 6477K, capacity 6771K, committed 6784K, reserved 1048576K
}
Event: 174.655 GC heap before
{Heap before GC invocations=100 (full 4):
 def new generation   total 14400K, used 14400K [0x00000000c0000000, 0x00000000c0f90000, 0x00000000d5550000)
  eden space 12864K, 100% used [0x00000000c0000000, 0x00000000c0c90000, 0x00000000c0c90000)
  from space 1536K, 100% used [0x00000000c0e10000, 0x00000000c0f90000, 0x00000000c0f90000)
  to   space 1536K,   0% used [0x00000000c0c90000, 0x00000000c0c90000, 0x00000000c0e10000)
 tenured generation   total 31692K, used 26305K [0x00000000d5550000, 0x00000000d7443000, 0x0000000100000000)
   the space 31692K,  83% used [0x00000000d5550000, 0x00000000d6f00578, 0x00000000d6f00600, 0x00000000d7443000)
 Metaspace       used 47361K, capacity 48314K, committed 48640K, reserved 1091584K
  class space    used 6509K, capacity 6789K, committed 6912K, reserved 1048576K
Event: 174.972 GC heap after
Heap after GC invocations=101 (full 4):
 def new generation   total 14400K, used 1536K [0x00000000c0000000, 0x00000000c0f90000, 0x00000000d5550000)
  eden space 12864K,   0% used [0x00000000c0000000, 0x00000000c0000000, 0x00000000c0c90000)
  from space 1536K, 100% used [0x00000000c0c90000, 0x00000000c0e10000, 0x00000000c0e10000)
  to   space 1536K,   0% used [0x00000000c0e10000, 0x00000000c0e10000, 0x00000000c0f90000)
 tenured generation   total 31692K, used 27781K [0x00000000d5550000, 0x00000000d7443000, 0x0000000100000000)
   the space 31692K,  87% used [0x00000000d5550000, 0x00000000d70717b0, 0x00000000d7071800, 0x00000000d7443000)
 Metaspace       used 47361K, capacity 48314K, committed 48640K, reserved 1091584K
  class space    used 6509K, capacity 6789K, committed 6912K, reserved 1048576K
}
Event: 177.331 GC heap before
{Heap before GC invocations=101 (full 4):
 def new generation   total 14400K, used 14400K [0x00000000c0000000, 0x00000000c0f90000, 0x00000000d5550000)
  eden space 12864K, 100% used [0x00000000c0000000, 0x00000000c0c90000, 0x00000000c0c90000)
  from space 1536K, 100% used [0x00000000c0c90000, 0x00000000c0e10000, 0x00000000c0e10000)
  to   space 1536K,   0% used [0x00000000c0e10000, 0x00000000c0e10000, 0x00000000c0f90000)
 tenured generation   total 31692K, used 27781K [0x00000000d5550000, 0x00000000d7443000, 0x0000000100000000)
   the space 31692K,  87% used [0x00000000d5550000, 0x00000000d70717b0, 0x00000000d7071800, 0x00000000d7443000)
 Metaspace       used 47512K, capacity 48544K, committed 48896K, reserved 1091584K
  class space    used 6536K, capacity 6867K, committed 6912K, reserved 1048576K
Event: 177.412 GC heap after
Heap after GC invocations=102 (full 4):
 def new generation   total 14400K, used 1535K [0x00000000c0000000, 0x00000000c0f90000, 0x00000000d5550000)
  eden space 12864K,   0% used [0x00000000c0000000, 0x00000000c0000000, 0x00000000c0c90000)
  from space 1536K,  99% used [0x00000000c0e10000, 0x00000000c0f8fff8, 0x00000000c0f90000)
  to   space 1536K,   0% used [0x00000000c0c90000, 0x00000000c0c90000, 0x00000000c0e10000)
 tenured generation   total 31692K, used 30606K [0x00000000d5550000, 0x00000000d7443000, 0x0000000100000000)
   the space 31692K,  96% used [0x00000000d5550000, 0x00000000d7333a98, 0x00000000d7333c00, 0x00000000d7443000)
 Metaspace       used 47512K, capacity 48544K, committed 48896K, reserved 1091584K
  class space    used 6536K, capacity 6867K, committed 6912K, reserved 1048576K
}
Event: 179.782 GC heap before
{Heap before GC invocations=102 (full 4):
 def new generation   total 14400K, used 14399K [0x00000000c0000000, 0x00000000c0f90000, 0x00000000d5550000)
  eden space 12864K, 100% used [0x00000000c0000000, 0x00000000c0c90000, 0x00000000c0c90000)
  from space 1536K,  99% used [0x00000000c0e10000, 0x00000000c0f8fff8, 0x00000000c0f90000)
  to   space 1536K,   0% used [0x00000000c0c90000, 0x00000000c0c90000, 0x00000000c0e10000)
 tenured generation   total 31692K, used 30606K [0x00000000d5550000, 0x00000000d7443000, 0x0000000100000000)
   the space 31692K,  96% used [0x00000000d5550000, 0x00000000d7333a98, 0x00000000d7333c00, 0x00000000d7443000)
 Metaspace       used 47674K, capacity 48666K, committed 48896K, reserved 1091584K
  class space    used 6578K, capacity 6889K, committed 6912K, reserved 1048576K

Deoptimization events (10 events):
Event: 149.500 Thread 0x00007f2d8000c800 Uncommon trap: reason=class_check action=maybe_recompile pc=0x00007f2d99920ecc method=java.util.regex.Pattern$BranchConn.match(Ljava/util/regex/Matcher;ILjava/lang/CharSequence;)Z @ 7
Event: 150.539 Thread 0x00007f2d8000c800 Uncommon trap: reason=class_check action=maybe_recompile pc=0x00007f2d98da65c8 method=com.google.common.base.Equivalence$Equals.doEquivalent(Ljava/lang/Object;Ljava/lang/Object;)Z @ 2
Event: 150.856 Thread 0x00007f2d8000c800 Uncommon trap: reason=unstable_if action=reinterpret pc=0x00007f2d996e7c48 method=java.lang.StringCoding.decode(Ljava/lang/String;[BII)[C @ 51
Event: 157.783 Thread 0x00007f2d8000c800 Uncommon trap: reason=class_check action=maybe_recompile pc=0x00007f2d98da65c8 method=com.google.common.base.Equivalence$Equals.doEquivalent(Ljava/lang/Object;Ljava/lang/Object;)Z @ 2
Event: 159.251 Thread 0x00007f2d8000c800 Uncommon trap: reason=class_check action=maybe_recompile pc=0x00007f2d98da65c8 method=com.google.common.base.Equivalence$Equals.doEquivalent(Ljava/lang/Object;Ljava/lang/Object;)Z @ 2
Event: 164.662 Thread 0x00007f2d8000c800 Uncommon trap: reason=bimorphic action=maybe_recompile pc=0x00007f2d99ad842c method=org.codehaus.groovy.runtime.metaclass.MetaMethodIndex.addMethodToList(Ljava/lang/Object;Lgroovy/lang/MetaMethod;)Ljava/lang/Object; @ 130
Event: 165.368 Thread 0x00007f2d8000c800 Uncommon trap: reason=class_check action=maybe_recompile pc=0x00007f2d98dbf120 method=com.google.common.base.Equivalence$Equals.doEquivalent(Ljava/lang/Object;Ljava/lang/Object;)Z @ 2
Event: 170.225 Thread 0x00007f2d8000c800 Uncommon trap: reason=class_check action=maybe_recompile pc=0x00007f2d99937b44 method=org.codehaus.groovy.runtime.metaclass.MetaMethodIndex.addMethodToList(Ljava/lang/Object;Lgroovy/lang/MetaMethod;)Ljava/lang/Object; @ 230
Event: 170.229 Thread 0x00007f2d8000c800 Uncommon trap: reason=class_check action=maybe_recompile pc=0x00007f2d99937b44 method=org.codehaus.groovy.runtime.metaclass.MetaMethodIndex.addMethodToList(Ljava/lang/Object;Lgroovy/lang/MetaMethod;)Ljava/lang/Object; @ 230
Event: 177.272 Thread 0x00007f2d8000c800 Uncommon trap: reason=class_check action=maybe_recompile pc=0x00007f2d99937b44 method=org.codehaus.groovy.runtime.metaclass.MetaMethodIndex.addMethodToList(Ljava/lang/Object;Lgroovy/lang/MetaMethod;)Ljava/lang/Object; @ 230

Internal exceptions (10 events):
Event: 179.309 Thread 0x00007f2d8000c800 Exception <a 'java/lang/ClassNotFoundException': org/jetbrains/plugins/gradle/tooling/util/ModuleComponentIdentifierImplCustomizer> (0x00000000c09950c0) thrown at [/HUDSON/workspace/8-2-build-linux-amd64/jdk8u151/9699/hotspot/src/share/vm/classfile/system
Event: 179.323 Thread 0x00007f2d8000c800 Exception <a 'java/lang/ClassNotFoundException': org/gradle/api/internal/artifacts/query/DefaultArtifactResolutionQueryBeanInfo> (0x00000000c09df600) thrown at [/HUDSON/workspace/8-2-build-linux-amd64/jdk8u151/9699/hotspot/src/share/vm/classfile/systemDic
Event: 179.323 Thread 0x00007f2d8000c800 Exception <a 'java/lang/ClassNotFoundException': org/gradle/api/internal/artifacts/query/DefaultArtifactResolutionQueryCustomizer> (0x00000000c0a0cc80) thrown at [/HUDSON/workspace/8-2-build-linux-amd64/jdk8u151/9699/hotspot/src/share/vm/classfile/systemD
Event: 179.346 Thread 0x00007f2d8000c800 Exception <a 'java/lang/ClassNotFoundException': org/gradle/api/internal/artifacts/result/DefaultArtifactResolutionResultBeanInfo> (0x00000000c0a755b0) thrown at [/HUDSON/workspace/8-2-build-linux-amd64/jdk8u151/9699/hotspot/src/share/vm/classfile/systemD
Event: 179.346 Thread 0x00007f2d8000c800 Exception <a 'java/lang/ClassNotFoundException': org/gradle/api/internal/artifacts/result/DefaultArtifactResolutionResultCustomizer> (0x00000000c0aa2ce0) thrown at [/HUDSON/workspace/8-2-build-linux-amd64/jdk8u151/9699/hotspot/src/share/vm/classfile/syste
Event: 179.650 Thread 0x00007f2d8000c800 Exception <a 'java/lang/ClassNotFoundException': org/gradle/api/internal/artifacts/result/DefaultComponentArtifactsResultBeanInfo> (0x00000000c0b11890) thrown at [/HUDSON/workspace/8-2-build-linux-amd64/jdk8u151/9699/hotspot/src/share/vm/classfile/systemD
Event: 179.651 Thread 0x00007f2d8000c800 Exception <a 'java/lang/ClassNotFoundException': org/gradle/api/internal/artifacts/result/DefaultComponentArtifactsResultCustomizer> (0x00000000c0b3ff00) thrown at [/HUDSON/workspace/8-2-build-linux-amd64/jdk8u151/9699/hotspot/src/share/vm/classfile/syste
Event: 179.766 Thread 0x00007f2d8000c800 Exception <a 'java/lang/ClassNotFoundException': org/gradle/api/internal/artifacts/configurations/DefaultConfiguration$ConfigurationResolvableDependencies_DecoratedBeanInfo> (0x00000000c0bd8700) thrown at [/HUDSON/workspace/8-2-build-linux-amd64/jdk8u151/
Event: 179.766 Thread 0x00007f2d8000c800 Exception <a 'java/lang/ClassNotFoundException': org/gradle/api/internal/artifacts/configurations/DefaultConfiguration$ConfigurationResolvableDependenciesBeanInfo> (0x00000000c0c13ea0) thrown at [/HUDSON/workspace/8-2-build-linux-amd64/jdk8u151/9699/hotsp
Event: 179.769 Thread 0x00007f2d8000c800 Exception <a 'java/lang/ClassNotFoundException': org/gradle/api/internal/artifacts/configurations/DefaultConfiguration$ConfigurationResolvableDependenciesCustomizer> (0x00000000c0c51050) thrown at [/HUDSON/workspace/8-2-build-linux-amd64/jdk8u151/9699/hot

Events (10 events):
Event: 179.766 loading class org/gradle/api/internal/artifacts/configurations/DefaultConfiguration$ConfigurationResolvableDependenciesBeanInfo done
Event: 179.766 loading class org/gradle/api/internal/artifacts/configurations/DefaultConfiguration$ConfigurationResolvableDependenciesCustomizer
Event: 179.766 loading class org/gradle/api/internal/artifacts/configurations/DefaultConfiguration$ConfigurationResolvableDependenciesCustomizer done
Event: 179.767 loading class org/gradle/api/internal/artifacts/configurations/DefaultConfiguration$ConfigurationResolvableDependenciesCustomizer
Event: 179.767 loading class org/gradle/api/internal/artifacts/configurations/DefaultConfiguration$ConfigurationResolvableDependenciesCustomizer done
Event: 179.769 loading class org/gradle/api/internal/artifacts/configurations/DefaultConfiguration$ConfigurationResolvableDependenciesCustomizer
Event: 179.769 loading class org/gradle/api/internal/artifacts/configurations/DefaultConfiguration$ConfigurationResolvableDependenciesCustomizer done
Event: 179.771 loading class org/gradle/api/internal/artifacts/configurations/DefaultConfiguration$ConfigurationResolvableDependencies_DecoratedCustomizer
Event: 179.771 loading class org/gradle/api/internal/artifacts/configurations/DefaultConfiguration$ConfigurationResolvableDependencies_DecoratedCustomizer done
Event: 179.778 Executing VM operation: GenCollectForAllocation


Dynamic libraries:
00400000-00401000 r-xp 00000000 08:01 1967142                            /usr/lib/jvm/java-8-oracle/bin/java
00600000-00601000 rw-p 00000000 08:01 1967142                            /usr/lib/jvm/java-8-oracle/bin/java
00c97000-00cb8000 rw-p 00000000 00:00 0                                  [heap]
c0000000-c0f90000 rw-p 00000000 00:00 0 
c0f90000-d5550000 ---p 00000000 00:00 0 
d5550000-d74d3000 rw-p 00000000 00:00 0 
d89d5000-100000000 ---p 00000000 00:00 0 
100000000-1006c0000 rw-p 00000000 00:00 0 
1006c0000-140000000 ---p 00000000 00:00 0 
7f2d75a10000-7f2d75b10000 rw-p 00000000 00:00 0 
7f2d75b10000-7f2d75c10000 ---p 00000000 00:00 0 
7f2d75c10000-7f2d75e10000 rw-p 00000000 00:00 0 
7f2d75e10000-7f2d76010000 rw-p 00000000 00:00 0 
7f2d76010000-7f2d76012000 r--s 00003000 08:03 6031183                    /home/osboxes/.gradle/caches/modules-2/files-2.1/org.jetbrains/annotations/13.0/919f0dfe192fb4e063e7dacadee7f8bb9a2672a9/annotations-13.0.jar
7f2d76012000-7f2d76016000 r--s 0003c000 08:03 6031181                    /home/osboxes/.gradle/caches/modules-2/files-2.1/commons-lang/commons-lang/2.4/16313e02a793435009f1e458fa4af5d879f6fb11/commons-lang-2.4.jar
7f2d76016000-7f2d7601a000 r--s 0002a000 08:03 6031179                    /home/osboxes/.gradle/caches/modules-2/files-2.1/commons-io/commons-io/2.4/b1b6ea3b7e4aa4f492509a4952029cd8e48019ad/commons-io-2.4.jar
7f2d7601a000-7f2d761d1000 r--s 01770000 08:03 6031177                    /home/osboxes/.gradle/caches/modules-2/files-2.1/org.jetbrains.kotlin/kotlin-compiler-embeddable/1.1.3-2/20bbabe4719a89eb83eca78dd74c606274f7f320/kotlin-compiler-embeddable-1.1.3-2.jar
7f2d761d1000-7f2d761d3000 r--s 00014000 08:03 6031174                    /home/osboxes/.gradle/caches/modules-2/files-2.1/org.jetbrains.kotlin/kotlin-compiler-runner/1.1.3-2/a28f4f234ddefe0b868a8720fa9b41c3a6ccf7a1/kotlin-compiler-runner-1.1.3-2.jar
7f2d761d3000-7f2d761d7000 r--s 00021000 08:03 6031171                    /home/osboxes/.gradle/caches/modules-2/files-2.1/org.jetbrains.kotlin/kotlin-android-extensions/1.1.3-2/7fb4bea5acc2e63234d00bfa64645a336a2d9d00/kotlin-android-extensions-1.1.3-2.jar
7f2d761d7000-7f2d761e6000 r--s 000c8000 08:03 6031169                    /home/osboxes/.gradle/caches/modules-2/files-2.1/org.jetbrains.kotlin/kotlin-stdlib/1.1.3-2/9b44c139a4ec57031e0c84ba0e49ba16df6d801c/kotlin-stdlib-1.1.3-2.jar
7f2d761e6000-7f2d761ea000 r--s 0002f000 08:03 6031166                    /home/osboxes/.gradle/caches/modules-2/files-2.1/org.jetbrains.kotlin/kotlin-annotation-processing/1.1.3-2/589932a16261df0d085bc1706295b0746f8adb74/kotlin-annotation-processing-1.1.3-2.jar
7f2d761ea000-7f2d761ec000 r--s 00000000 08:03 6031185                    /home/osboxes/.gradle/caches/modules-2/files-2.1/org.jetbrains.kotlin/kotlin-gradle-plugin-api/1.1.3-2/837d12d04e5d5e3cdf0fe72facf556ee30cb8a94/kotlin-gradle-plugin-api-1.1.3-2.jar
7f2d761ec000-7f2d761f6000 r--s 0006c000 08:03 6031164                    /home/osboxes/.gradle/caches/modules-2/files-2.1/org.jetbrains.kotlin/kotlin-gradle-plugin/1.1.3-2/4230f0733459143aa4ef79c2d651347b21ec422c/kotlin-gradle-plugin-1.1.3-2.jar
7f2d761f6000-7f2d763f6000 rw-p 00000000 00:00 0 
7f2d763f6000-7f2d763f9000 ---p 00000000 00:00 0 
7f2d763f9000-7f2d766f7000 rw-p 00000000 00:00 0 
7f2d766f7000-7f2d766fc000 r--s 0003e000 08:01 2235124                    /usr/lib/jvm/java-8-oracle/jre/lib/ext/sunjce_provider.jar
7f2d766fc000-7f2d76712000 r-xp 00000000 08:01 3543706                    /lib/x86_64-linux-gnu/libresolv-2.26.so
7f2d76712000-7f2d76912000 ---p 00016000 08:01 3543706                    /lib/x86_64-linux-gnu/libresolv-2.26.so
7f2d76912000-7f2d76913000 r--p 00016000 08:01 3543706                    /lib/x86_64-linux-gnu/libresolv-2.26.so
7f2d76913000-7f2d76914000 rw-p 00017000 08:01 3543706                    /lib/x86_64-linux-gnu/libresolv-2.26.so
7f2d76914000-7f2d76916000 rw-p 00000000 00:00 0 
7f2d76916000-7f2d7691b000 r-xp 00000000 08:01 3543652                    /lib/x86_64-linux-gnu/libnss_dns-2.26.so
7f2d7691b000-7f2d76b1b000 ---p 00005000 08:01 3543652                    /lib/x86_64-linux-gnu/libnss_dns-2.26.so
7f2d76b1b000-7f2d76b1c000 r--p 00005000 08:01 3543652                    /lib/x86_64-linux-gnu/libnss_dns-2.26.so
7f2d76b1c000-7f2d76b1d000 rw-p 00006000 08:01 3543652                    /lib/x86_64-linux-gnu/libnss_dns-2.26.so
7f2d76b1d000-7f2d76b1f000 r-xp 00000000 08:01 3543660                    /lib/x86_64-linux-gnu/libnss_mdns4_minimal.so.2
7f2d76b1f000-7f2d76d1e000 ---p 00002000 08:01 3543660                    /lib/x86_64-linux-gnu/libnss_mdns4_minimal.so.2
7f2d76d1e000-7f2d76d1f000 r--p 00001000 08:01 3543660                    /lib/x86_64-linux-gnu/libnss_mdns4_minimal.so.2
7f2d76d1f000-7f2d76d20000 rw-p 00002000 08:01 3543660                    /lib/x86_64-linux-gnu/libnss_mdns4_minimal.so.2
7f2d76d20000-7f2d76d33000 r--s 00345000 08:01 2103255                    /usr/lib/jvm/java-8-oracle/jre/lib/resources.jar
7f2d76d33000-7f2d76f33000 rw-p 00000000 00:00 0 
7f2d76f33000-7f2d76f65000 r-xp 00000000 08:01 2235219                    /usr/lib/jvm/java-8-oracle/jre/lib/amd64/libsunec.so
7f2d76f65000-7f2d77164000 ---p 00032000 08:01 2235219                    /usr/lib/jvm/java-8-oracle/jre/lib/amd64/libsunec.so
7f2d77164000-7f2d7716a000 rw-p 00031000 08:01 2235219                    /usr/lib/jvm/java-8-oracle/jre/lib/amd64/libsunec.so
7f2d7716a000-7f2d7717a000 rw-p 00000000 00:00 0 
7f2d7717a000-7f2d7717c000 r--s 00009000 08:01 2235114                    /usr/lib/jvm/java-8-oracle/jre/lib/ext/sunec.jar
7f2d7717c000-7f2d7737c000 rw-p 00000000 00:00 0 
7f2d7737c000-7f2d7757c000 rw-p 00000000 00:00 0 
7f2d7757c000-7f2d77581000 r--s 00091000 08:03 6030967                    /home/osboxes/.gradle/caches/jars-3/e9a3caf70a21af089be6d8e4f406ecbd/gradle-tooling-extension-impl.jar
7f2d77581000-7f2d775f1000 r--s 00643000 08:03 6030965                    /home/osboxes/.gradle/caches/jars-3/fd135f2626fe7c0e66bd787b831703f5/groovy-all-2.4.6.jar
7f2d775f1000-7f2d77600000 r--s 000c9000 08:03 6030963                    /home/osboxes/.gradle/caches/jars-3/7c232ceeef1ea7b6b226a0c606a65391/kotlin-runtime.jar
7f2d77600000-7f2d77800000 rw-p 00000000 00:00 0 
7f2d77800000-7f2d77a00000 rw-p 00000000 00:00 0 
7f2d77a00000-7f2d77c00000 rw-p 00000000 00:00 0 
7f2d77c00000-7f2d77e00000 rw-p 00000000 00:00 0 
7f2d77e00000-7f2d78000000 rw-p 00000000 00:00 0 
7f2d78000000-7f2d78a51000 rw-p 00000000 00:00 0 
7f2d78a51000-7f2d7c000000 ---p 00000000 00:00 0 
7f2d7c000000-7f2d7c03a000 rw-p 00000000 00:00 0 
7f2d7c03a000-7f2d80000000 ---p 00000000 00:00 0 
7f2d80000000-7f2d80021000 rw-p 00000000 00:00 0 
7f2d80021000-7f2d84000000 ---p 00000000 00:00 0 
7f2d84000000-7f2d861fc000 rw-p 00000000 00:00 0 
7f2d861fc000-7f2d88000000 ---p 00000000 00:00 0 
7f2d88000000-7f2d88021000 rw-p 00000000 00:00 0 
7f2d88021000-7f2d8c000000 ---p 00000000 00:00 0 
7f2d8c000000-7f2d8c02f000 rw-p 00000000 00:00 0 
7f2d8c02f000-7f2d90000000 ---p 00000000 00:00 0 
7f2d90000000-7f2d9121e000 rw-p 00000000 00:00 0 
7f2d9121e000-7f2d94000000 ---p 00000000 00:00 0 
7f2d94001000-7f2d94004000 r--s 0001a000 08:01 2103262                    /usr/lib/jvm/java-8-oracle/jre/lib/jce.jar
7f2d94004000-7f2d94009000 r--s 00034000 08:03 6030961                    /home/osboxes/.gradle/caches/jars-3/5cd7574474655ee57132ffc0f3157159/gson-2.5.jar
7f2d94009000-7f2d9400c000 ---p 00000000 00:00 0 
7f2d9400c000-7f2d9430a000 rw-p 00000000 00:00 0 
7f2d9430a000-7f2d9430b000 r--s 00003000 08:03 6030931                    /home/osboxes/.gradle/caches/jars-3/e9c902695a566699e208b5c879beff55/kotlin-gradle-tooling.jar
7f2d9430b000-7f2d9430d000 r--s 0000e000 08:03 6030929                    /home/osboxes/.gradle/caches/jars-3/9356378d7b90c8fb771785062401f2eb/android-extensions-ide.jar
7f2d9430d000-7f2d9434a000 r--s 0054a000 08:03 6030927                    /home/osboxes/.gradle/caches/jars-3/b2af7e85b444f7666b91bca69c5788dc/sdk-tools.jar
7f2d9434a000-7f2d9434b000 r--s 00002000 08:03 6030925                    /home/osboxes/.gradle/caches/jars-3/31dd86d54a903bcb4d4d4b7a8af8b7de/external-system-rt.jar
7f2d9434b000-7f2d9434d000 r--s 0000d000 08:03 6030923                    /home/osboxes/.gradle/caches/jars-3/2ebe663d4f3b8a9f76f421b6c4294640/gradle-tooling-extension-api.jar
7f2d9434d000-7f2d94354000 r--s 0002a000 08:03 6030921                    /home/osboxes/.gradle/caches/jars-3/c4e1eeaf807af7233b56f07390f9c072/gradle-messaging-3.5.jar
7f2d94354000-7f2d94359000 r--s 00041000 08:03 6030919                    /home/osboxes/.gradle/caches/jars-3/aee7855bdca982f949ec3186b02c526c/commons-lang-2.6.jar
7f2d94359000-7f2d9439b000 r--s 00220000 08:03 6030917                    /home/osboxes/.gradle/caches/jars-3/bb410569ad287fd358f6c22b0bc927de/gradle-core-3.5.jar
7f2d9439b000-7f2d943a4000 r--s 00047000 08:03 6030915                    /home/osboxes/.gradle/caches/jars-3/65afa0a85da46c855986ab77b6c28c75/gradle-base-services-3.5.jar
7f2d943a4000-7f2d943cc000 r--s 001cf000 08:03 6030913                    /home/osboxes/.gradle/caches/jars-3/ca08947540925f2914d21c73bec56045/guava-jdk5-17.0.jar
7f2d943cc000-7f2d943da000 r--s 00043000 08:03 6030911                    /home/osboxes/.gradle/caches/jars-3/46686b161b31509d9461bb8df5b57768/gradle-tooling-api-3.5.jar
7f2d943da000-7f2d94454000 r--s 010f7000 08:01 1967397                    /usr/lib/jvm/java-8-oracle/lib/tools.jar
7f2d94454000-7f2d94457000 ---p 00000000 00:00 0 
7f2d94457000-7f2d94755000 rw-p 00000000 00:00 0 
7f2d94755000-7f2d94758000 ---p 00000000 00:00 0 
7f2d94758000-7f2d94856000 rw-p 00000000 00:00 0 
7f2d94856000-7f2d94859000 ---p 00000000 00:00 0 
7f2d94859000-7f2d94957000 rw-p 00000000 00:00 0 
7f2d94957000-7f2d9495a000 ---p 00000000 00:00 0 
7f2d9495a000-7f2d94a58000 rw-p 00000000 00:00 0 
7f2d94a58000-7f2d94a5b000 ---p 00000000 00:00 0 
7f2d94a5b000-7f2d94d59000 rw-p 00000000 00:00 0 
7f2d94d59000-7f2d94d5c000 ---p 00000000 00:00 0 
7f2d94d5c000-7f2d94e5a000 rw-p 00000000 00:00 0 
7f2d94e5a000-7f2d94e5d000 ---p 00000000 00:00 0 
7f2d94e5d000-7f2d94f5b000 rw-p 00000000 00:00 0 
7f2d94f5b000-7f2d94f5e000 ---p 00000000 00:00 0 
7f2d94f5e000-7f2d9505c000 rw-p 00000000 00:00 0 
7f2d9505c000-7f2d9505f000 ---p 00000000 00:00 0 
7f2d9505f000-7f2d9515d000 rw-p 00000000 00:00 0 
7f2d9515d000-7f2d95160000 ---p 00000000 00:00 0 
7f2d95160000-7f2d9525e000 rw-p 00000000 00:00 0 
7f2d9525e000-7f2d95265000 r--s 00000000 08:01 2099046                    /usr/lib/x86_64-linux-gnu/gconv/gconv-modules.cache
7f2d95265000-7f2d95268000 ---p 00000000 00:00 0 
7f2d95268000-7f2d95366000 rw-p 00000000 00:00 0 
7f2d95366000-7f2d9536b000 r--s 0009a000 08:01 2103256                    /usr/lib/jvm/java-8-oracle/jre/lib/jsse.jar
7f2d9536b000-7f2d9556b000 rw-p 00000000 00:00 0 
7f2d9556b000-7f2d9556e000 ---p 00000000 00:00 0 
7f2d9556e000-7f2d9566c000 rw-p 00000000 00:00 0 
7f2d9566c000-7f2d95675000 r-xp 00000000 08:01 2235275                    /usr/lib/jvm/java-8-oracle/jre/lib/amd64/libmanagement.so
7f2d95675000-7f2d95874000 ---p 00009000 08:01 2235275                    /usr/lib/jvm/java-8-oracle/jre/lib/amd64/libmanagement.so
7f2d95874000-7f2d95875000 rw-p 00008000 08:01 2235275                    /usr/lib/jvm/java-8-oracle/jre/lib/amd64/libmanagement.so
7f2d95875000-7f2d95877000 r--s 00007000 08:03 5505720                    /home/osboxes/gradle-4.3.1/lib/plugins/gradle-tooling-api-builders-4.3.1.jar
7f2d95877000-7f2d9587a000 r--s 0000f000 08:03 5505705                    /home/osboxes/gradle-4.3.1/lib/plugins/gradle-testing-native-4.3.1.jar
7f2d9587a000-7f2d9587c000 r--s 00009000 08:03 5505809                    /home/osboxes/gradle-4.3.1/lib/plugins/hamcrest-core-1.3.jar
7f2d9587c000-7f2d95881000 r--s 00040000 08:03 5505804                    /home/osboxes/gradle-4.3.1/lib/plugins/bsh-2.0b4.jar
7f2d95881000-7f2d95883000 r--s 00006000 08:03 5505805                    /home/osboxes/gradle-4.3.1/lib/plugins/jcommander-1.12.jar
7f2d95883000-7f2d95889000 r--s 00033000 08:03 5505806                    /home/osboxes/gradle-4.3.1/lib/plugins/snakeyaml-1.6.jar
7f2d95889000-7f2d95892000 r--s 00089000 08:03 5505764                    /home/osboxes/gradle-4.3.1/lib/plugins/testng-6.3.1.jar
7f2d95892000-7f2d9589a000 r--s 00045000 08:03 5505765                    /home/osboxes/gradle-4.3.1/lib/plugins/junit-4.12.jar
7f2d9589a000-7f2d958a0000 r--s 0002e000 08:03 5505726                    /home/osboxes/gradle-4.3.1/lib/plugins/gradle-testing-jvm-4.3.1.jar
7f2d958a0000-7f2d958a4000 r--s 00017000 08:03 5505732                    /home/osboxes/gradle-4.3.1/lib/plugins/gradle-testing-base-4.3.1.jar
7f2d958a4000-7f2d958ab000 r--s 00043000 08:03 5505759                    /home/osboxes/gradle-4.3.1/lib/plugins/bcpg-jdk15on-1.57.jar
7f2d958ab000-7f2d958ad000 r--s 0000c000 08:03 5505703                    /home/osboxes/gradle-4.3.1/lib/plugins/gradle-signing-4.3.1.jar
7f2d958ad000-7f2d958af000 r--s 00007000 08:03 5505711                    /home/osboxes/gradle-4.3.1/lib/plugins/gradle-scala-4.3.1.jar
7f2d958af000-7f2d958b0000 r--s 00004000 08:03 5505741                    /home/osboxes/gradle-4.3.1/lib/plugins/gradle-resources-sftp-4.3.1.jar
7f2d958b0000-7f2d958be000 r--s 00087000 08:03 5505773                    /home/osboxes/gradle-4.3.1/lib/plugins/aws-java-sdk-core-1.11.6.jar
7f2d958be000-7f2d958c5000 r--s 00057000 08:03 5505772                    /home/osboxes/gradle-4.3.1/lib/plugins/aws-java-sdk-kms-1.11.6.jar
7f2d958c5000-7f2d958d2000 r--s 0008e000 08:03 5505771                    /home/osboxes/gradle-4.3.1/lib/plugins/aws-java-sdk-s3-1.11.6.jar
7f2d958d2000-7f2d958d4000 r--s 00004000 08:03 5505737                    /home/osboxes/gradle-4.3.1/lib/plugins/gradle-resources-s3-4.3.1.jar
7f2d958d4000-7f2d958e4000 r--s 00088000 08:03 5505777                    /home/osboxes/gradle-4.3.1/lib/plugins/joda-time-2.8.2.jar
7f2d958e4000-7f2d958f5000 r--s 0010d000 08:03 5505776                    /home/osboxes/gradle-4.3.1/lib/plugins/jackson-databind-2.6.6.jar
7f2d958f5000-7f2d958f8000 r--s 00009000 08:03 5505775                    /home/osboxes/gradle-4.3.1/lib/plugins/jackson-annotations-2.6.6.jar
7f2d958f8000-7f2d958fc000 r--s 0003c000 08:03 5505774                    /home/osboxes/gradle-4.3.1/lib/plugins/jackson-core-2.6.6.jar
7f2d958fc000-7f2d958fd000 r--s 00001000 08:03 5505749                    /home/osboxes/gradle-4.3.1/lib/plugins/google-http-client-jackson2-1.22.0.jar
7f2d958fd000-7f2d95906000 r--s 0004f000 08:03 5505750                    /home/osboxes/gradle-4.3.1/lib/plugins/google-http-client-1.22.0.jar
7f2d95906000-7f2d95908000 r--s 0000d000 08:03 5505748                    /home/osboxes/gradle-4.3.1/lib/plugins/google-oauth-client-1.22.0.jar
7f2d95908000-7f2d9590d000 r--s 0002c000 08:03 5505747                    /home/osboxes/gradle-4.3.1/lib/plugins/google-api-client-1.22.0.jar
7f2d9590d000-7f2d95910000 r--s 00016000 08:03 5505746                    /home/osboxes/gradle-4.3.1/lib/plugins/google-api-services-storage-v1-rev78-1.22.0.jar
7f2d95910000-7f2d95912000 r--s 00003000 08:03 5505738                    /home/osboxes/gradle-4.3.1/lib/plugins/gradle-resources-gcs-4.3.1.jar
7f2d95912000-7f2d95914000 r--s 00010000 08:03 5505733                    /home/osboxes/gradle-4.3.1/lib/plugins/gradle-reporting-4.3.1.jar
7f2d95914000-7f2d95916000 r--s 00003000 08:03 5505734                    /home/osboxes/gradle-4.3.1/lib/plugins/gradle-publish-4.3.1.jar
7f2d95916000-7f2d95918000 r--s 00009000 08:03 5505752                    /home/osboxes/gradle-4.3.1/lib/plugins/commons-cli-1.2.jar
7f2d95918000-7f2d9591e000 r--s 00037000 08:03 5505719                    /home/osboxes/gradle-4.3.1/lib/plugins/gradle-plugins-4.3.1.jar
7f2d9591e000-7f2d95920000 r--s 00009000 08:03 5505707                    /home/osboxes/gradle-4.3.1/lib/plugins/gradle-plugin-development-4.3.1.jar
7f2d95920000-7f2d95926000 r--s 0002d000 08:03 5505714                    /home/osboxes/gradle-4.3.1/lib/plugins/gradle-platform-play-4.3.1.jar
7f2d95926000-7f2d95935000 r--s 00060000 08:03 5505730                    /home/osboxes/gradle-4.3.1/lib/plugins/gradle-platform-native-4.3.1.jar
7f2d95935000-7f2d95939000 r--s 0001b000 08:03 5505729                    /home/osboxes/gradle-4.3.1/lib/plugins/gradle-platform-jvm-4.3.1.jar
7f2d95939000-7f2d95940000 r--s 00028000 08:03 5505735                    /home/osboxes/gradle-4.3.1/lib/plugins/gradle-platform-base-4.3.1.jar
7f2d95940000-7f2d9596b000 r--s 00247000 08:03 5505753                    /home/osboxes/gradle-4.3.1/lib/plugins/biz.aQute.bndlib-3.4.0.jar
7f2d9596b000-7f2d9596c000 r--s 00004000 08:03 5505702                    /home/osboxes/gradle-4.3.1/lib/plugins/gradle-osgi-4.3.1.jar
7f2d9596c000-7f2d9596f000 r--s 0000c000 08:03 5505756                    /home/osboxes/gradle-4.3.1/lib/plugins/pmaven-groovy-0.8-20100325.jar
7f2d9596f000-7f2d95970000 r--s 00004000 08:03 5505755                    /home/osboxes/gradle-4.3.1/lib/plugins/pmaven-common-0.8-20100325.jar
7f2d95970000-7f2d95976000 r--s 00024000 08:03 5505708                    /home/osboxes/gradle-4.3.1/lib/plugins/gradle-maven-4.3.1.jar
7f2d95976000-7f2d95979000 r--s 0000b000 08:03 5505725                    /home/osboxes/gradle-4.3.1/lib/plugins/gradle-language-scala-4.3.1.jar
7f2d95979000-7f2d95982000 r--s 00036000 08:03 5505706                    /home/osboxes/gradle-4.3.1/lib/plugins/gradle-language-native-4.3.1.jar
7f2d95982000-7f2d95984000 r--s 00005000 08:03 5505728                    /home/osboxes/gradle-4.3.1/lib/plugins/gradle-language-jvm-4.3.1.jar
7f2d95984000-7f2d9598b000 r--s 00030000 08:03 5505727                    /home/osboxes/gradle-4.3.1/lib/plugins/gradle-language-java-4.3.1.jar
7f2d9598b000-7f2d9598e000 r--s 0000a000 08:03 5505724                    /home/osboxes/gradle-4.3.1/lib/plugins/gradle-language-groovy-4.3.1.jar
7f2d9598e000-7f2d95995000 r--s 00035000 08:03 5505762                    /home/osboxes/gradle-4.3.1/lib/plugins/simple-4.1.21.jar
7f2d95995000-7f2d959a1000 r--s 00100000 08:03 5505760                    /home/osboxes/gradle-4.3.1/lib/plugins/rhino-1.7R3.jar
7f2d959a1000-7f2d959a5000 r--s 00011000 08:03 5505715                    /home/osboxes/gradle-4.3.1/lib/plugins/gradle-javascript-4.3.1.jar
7f2d959a5000-7f2d959a8000 r--s 00011000 08:03 5505717                    /home/osboxes/gradle-4.3.1/lib/plugins/gradle-jacoco-4.3.1.jar
7f2d959a8000-7f2d959ab000 r--s 0000e000 08:03 5505716                    /home/osboxes/gradle-4.3.1/lib/plugins/gradle-ivy-4.3.1.jar
7f2d959ab000-7f2d959ac000 r--s 00002000 08:03 5505709                    /home/osboxes/gradle-4.3.1/lib/plugins/gradle-ide-play-4.3.1.jar
7f2d959ac000-7f2d959ad000 r--s 00011000 08:03 5505763                    /home/osboxes/gradle-4.3.1/lib/plugins/dd-plist-1.20.jar
7f2d959ad000-7f2d959b2000 r--s 00027000 08:03 5505704                    /home/osboxes/gradle-4.3.1/lib/plugins/gradle-ide-native-4.3.1.jar
7f2d959b2000-7f2d959bb000 r--s 00055000 08:03 5505710                    /home/osboxes/gradle-4.3.1/lib/plugins/gradle-ide-4.3.1.jar
7f2d959bb000-7f2d959bd000 r--s 00007000 08:03 5505713                    /home/osboxes/gradle-4.3.1/lib/plugins/gradle-ear-4.3.1.jar
7f2d959bd000-7f2d959bf000 r--s 00005000 08:03 5505745                    /home/osboxes/gradle-4.3.1/lib/plugins/jatl-0.2.2.jar
7f2d959bf000-7f2d959c6000 r--s 00038000 08:03 5505731                    /home/osboxes/gradle-4.3.1/lib/plugins/gradle-diagnostics-4.3.1.jar
7f2d959c6000-7f2d959c8000 r--s 0000b000 08:03 5505722                    /home/osboxes/gradle-4.3.1/lib/plugins/gradle-composite-builds-4.3.1.jar
7f2d959c8000-7f2d959cc000 r--s 00026000 08:03 5505700                    /home/osboxes/gradle-4.3.1/lib/plugins/gradle-code-quality-4.3.1.jar
7f2d959cc000-7f2d959d1000 r--s 00022000 08:03 5505718                    /home/osboxes/gradle-4.3.1/lib/plugins/gradle-build-init-4.3.1.jar
7f2d959d1000-7f2d959d7000 r--s 0008e000 08:03 5505712                    /home/osboxes/gradle-4.3.1/lib/plugins/gradle-build-comparison-4.3.1.jar
7f2d959d7000-7f2d959d8000 r--s 00002000 08:03 5505739                    /home/osboxes/gradle-4.3.1/lib/plugins/gradle-build-cache-http-4.3.1.jar
7f2d959d8000-7f2d959da000 r--s 00008000 08:03 5505701                    /home/osboxes/gradle-4.3.1/lib/plugins/gradle-antlr-4.3.1.jar
7f2d959da000-7f2d959dc000 r--s 00004000 08:03 5505723                    /home/osboxes/gradle-4.3.1/lib/plugins/gradle-announce-4.3.1.jar
7f2d959dc000-7f2d959de000 r--s 00008000 08:03 5505636                    /home/osboxes/gradle-4.3.1/lib/gradle-kotlin-dsl-tooling-builders-0.12.3.jar
7f2d959de000-7f2d959e1000 r--s 0001c000 08:03 5505767                    /home/osboxes/gradle-4.3.1/lib/plugins/nekohtml-1.9.14.jar
7f2d959e1000-7f2d959e9000 r--s 00028000 08:03 5505808                    /home/osboxes/gradle-4.3.1/lib/plugins/xml-apis-1.3.04.jar
7f2d959e9000-7f2d95a01000 r--s 00115000 08:03 5505768                    /home/osboxes/gradle-4.3.1/lib/plugins/xercesImpl-2.9.1.jar
7f2d95a01000-7f2d95a07000 r--s 0005b000 08:03 5505766                    /home/osboxes/gradle-4.3.1/lib/plugins/jcifs-1.3.17.jar
7f2d95a07000-7f2d95a0e000 r--s 00049000 08:03 5505807                    /home/osboxes/gradle-4.3.1/lib/plugins/httpcore-4.4.4.jar
7f2d95a0e000-7f2d95a14000 r--s 00033000 08:03 5505758                    /home/osboxes/gradle-4.3.1/lib/plugins/commons-codec-1.6.jar
7f2d95a14000-7f2d95a21000 r--s 000a4000 08:03 5505751                    /home/osboxes/gradle-4.3.1/lib/plugins/httpclient-4.4.1.jar
7f2d95a21000-7f2d95a24000 r--s 0000c000 08:03 5505740                    /home/osboxes/gradle-4.3.1/lib/plugins/gradle-resources-http-4.3.1.jar
7f2d95a24000-7f2d95a28000 r--s 00018000 08:03 5505736                    /home/osboxes/gradle-4.3.1/lib/plugins/gradle-plugin-use-4.3.1.jar
7f2d95a28000-7f2d95a29000 r--s 00000000 08:03 5505642                    /home/osboxes/gradle-4.3.1/lib/gradle-runtime-api-info-4.3.1.jar
7f2d95a29000-7f2d95a2b000 r--s 00002000 08:03 5505744                    /home/osboxes/gradle-4.3.1/lib/plugins/gradle-version-control-4.3.1.jar
7f2d95a2b000-7f2d95a2c000 r--s 00000000 08:03 5505645                    /home/osboxes/gradle-4.3.1/lib/gradle-installation-beacon-4.3.1.jar
7f2d95a2c000-7f2d95a7b000 r--s 00347000 08:03 5505779                    /home/osboxes/gradle-4.3.1/lib/plugins/bcprov-jdk15on-1.57.jar
7f2d95a7b000-7f2d95a7f000 r--s 0001d000 08:03 5505778                    /home/osboxes/gradle-4.3.1/lib/plugins/xbean-reflect-3.4.jar
7f2d95a7f000-7f2d95a81000 r--s 0000a000 08:03 5505780                    /home/osboxes/gradle-4.3.1/lib/plugins/maven-settings-3.0.4.jar
7f2d95a81000-7f2d95a84000 r--s 00008000 08:03 5505781                    /home/osboxes/gradle-4.3.1/lib/plugins/maven-settings-builder-3.0.4.jar
7f2d95a84000-7f2d95a88000 r--s 00033000 08:03 5505782                    /home/osboxes/gradle-4.3.1/lib/plugins/plexus-utils-2.0.6.jar
7f2d95a88000-7f2d95a8a000 r--s 0000d000 08:03 5505783                    /home/osboxes/gradle-4.3.1/lib/plugins/plexus-interpolation-1.14.jar
7f2d95a8a000-7f2d95a8c000 r--s 00000000 08:03 5505757                    /home/osboxes/gradle-4.3.1/lib/plugins/plexus-component-annotations-1.5.5.jar
7f2d95a8c000-7f2d95a93000 r--s 0002e000 08:03 5505784                    /home/osboxes/gradle-4.3.1/lib/plugins/plexus-container-default-1.5.5.jar
7f2d95a93000-7f2d95a95000 r--s 0000a000 08:03 5505785                    /home/osboxes/gradle-4.3.1/lib/plugins/plexus-classworlds-2.4.jar
7f2d95a95000-7f2d95a97000 r--s 00002000 08:03 5505786                    /home/osboxes/gradle-4.3.1/lib/plugins/plexus-cipher-1.7.jar
7f2d95a97000-7f2d95a98000 r--s 00006000 08:03 5505787                    /home/osboxes/gradle-4.3.1/lib/plugins/plexus-sec-dispatcher-1.3.jar
7f2d95a98000-7f2d95a9e000 r--s 0003f000 08:03 5505788                    /home/osboxes/gradle-4.3.1/lib/plugins/maven-compat-3.0.4.jar
7f2d95a9e000-7f2d95aa2000 r--s 00021000 08:03 5505789                    /home/osboxes/gradle-4.3.1/lib/plugins/maven-model-builder-3.0.4.jar
7f2d95aa2000-7f2d95aa4000 r--s 00026000 08:03 5505790                    /home/osboxes/gradle-4.3.1/lib/plugins/maven-model-3.0.4.jar
7f2d95aa4000-7f2d95aa6000 r--s 0000b000 08:03 5505791                    /home/osboxes/gradle-4.3.1/lib/plugins/maven-artifact-3.0.4.jar
7f2d95aa6000-7f2d95aa8000 r--s 00006000 08:03 5505792                    /home/osboxes/gradle-4.3.1/lib/plugins/maven-repository-metadata-3.0.4.jar
7f2d95aa8000-7f2d95aaa000 r--s 0000b000 08:03 5505793                    /home/osboxes/gradle-4.3.1/lib/plugins/maven-plugin-api-3.0.4.jar
7f2d95aaa000-7f2d95aac000 r--s 0000c000 08:03 5505794                    /home/osboxes/gradle-4.3.1/lib/plugins/maven-aether-provider-3.0.4.jar
7f2d95aac000-7f2d95aad000 r--s 00002000 08:03 5505795                    /home/osboxes/gradle-4.3.1/lib/plugins/wagon-file-2.4.jar
7f2d95aad000-7f2d95aae000 r--s 00002000 08:03 5505796                    /home/osboxes/gradle-4.3.1/lib/plugins/wagon-http-2.4.jar
7f2d95aae000-7f2d95ab0000 r--s 0000b000 08:03 5505797                    /home/osboxes/gradle-4.3.1/lib/plugins/wagon-provider-api-2.4.jar
7f2d95ab0000-7f2d95ab1000 r--s 00007000 08:03 5505798                    /home/osboxes/gradle-4.3.1/lib/plugins/wagon-http-shared4-2.4.jar
7f2d95ab1000-7f2d95ab4000 r--s 00013000 08:03 5505799                    /home/osboxes/gradle-4.3.1/lib/plugins/aether-api-1.13.1.jar
7f2d95ab4000-7f2d95ab7000 r--s 0001d000 08:03 5505800                    /home/osboxes/gradle-4.3.1/lib/plugins/aether-impl-1.13.1.jar
7f2d95ab7000-7f2d95abb000 r--s 0001c000 08:03 5505802                    /home/osboxes/gradle-4.3.1/lib/plugins/aether-util-1.13.1.jar
7f2d95abb000-7f2d95abd000 r--s 00006000 08:03 5505803                    /home/osboxes/gradle-4.3.1/lib/plugins/aether-connector-wagon-1.13.1.jar
7f2d95abd000-7f2d95ac9000 r--s 0007d000 08:03 5505754                    /home/osboxes/gradle-4.3.1/lib/plugins/maven-core-3.0.4.jar
7f2d95ac9000-7f2d95ace000 r--s 00034000 08:03 5505761                    /home/osboxes/gradle-4.3.1/lib/plugins/gson-2.7.jar
7f2d95ace000-7f2d95ad3000 r--s 00040000 08:03 5505770                    /home/osboxes/gradle-4.3.1/lib/plugins/jsch-0.1.54.jar
7f2d95ad3000-7f2d95af7000 r--s 00120000 08:03 5505743                    /home/osboxes/gradle-4.3.1/lib/plugins/gradle-dependency-management-4.3.1.jar
7f2d95af7000-7f2d95b0d000 r-xp 00000000 08:01 3543599                    /lib/x86_64-linux-gnu/libgcc_s.so.1
7f2d95b0d000-7f2d95d0c000 ---p 00016000 08:01 3543599                    /lib/x86_64-linux-gnu/libgcc_s.so.1
7f2d95d0c000-7f2d95d0d000 r--p 00015000 08:01 3543599                    /lib/x86_64-linux-gnu/libgcc_s.so.1
7f2d95d0d000-7f2d95d0e000 rw-p 00016000 08:01 3543599                    /lib/x86_64-linux-gnu/libgcc_s.so.1
7f2d95d0e000-7f2d95e86000 r-xp 00000000 08:01 1844287                    /usr/lib/x86_64-linux-gnu/libstdc++.so.6.0.24
7f2d95e86000-7f2d96085000 ---p 00178000 08:01 1844287                    /usr/lib/x86_64-linux-gnu/libstdc++.so.6.0.24
7f2d96085000-7f2d9608f000 r--p 00177000 08:01 1844287                    /usr/lib/x86_64-linux-gnu/libstdc++.so.6.0.24
7f2d9608f000-7f2d96091000 rw-p 00181000 08:01 1844287                    /usr/lib/x86_64-linux-gnu/libstdc++.so.6.0.24
7f2d96091000-7f2d96094000 rw-p 00000000 00:00 0 
7f2d96094000-7f2d96095000 r--s 00003000 08:03 5505801                    /home/osboxes/gradle-4.3.1/lib/plugins/aether-spi-1.13.1.jar
7f2d96095000-7f2d960a4000 r--s 000d9000 08:03 5505769                    /home/osboxes/gradle-4.3.1/lib/plugins/ivy-2.2.0.jar
7f2d960a4000-7f2d960a7000 r--s 0000d000 08:03 5505742                    /home/osboxes/gradle-4.3.1/lib/plugins/gradle-workers-4.3.1.jar
7f2d960a7000-7f2d960ac000 r-xp 00000000 08:03 6030853                    /home/osboxes/.gradle/native/25/linux-amd64/libnative-platform.so
7f2d960ac000-7f2d962ab000 ---p 00005000 08:03 6030853                    /home/osboxes/.gradle/native/25/linux-amd64/libnative-platform.so
7f2d962ab000-7f2d962ac000 rw-p 00004000 08:03 6030853                    /home/osboxes/.gradle/native/25/linux-amd64/libnative-platform.so
7f2d962ac000-7f2d962bd000 r-xp 00000000 08:01 2235270                    /usr/lib/jvm/java-8-oracle/jre/lib/amd64/libnio.so
7f2d962bd000-7f2d964bc000 ---p 00011000 08:01 2235270                    /usr/lib/jvm/java-8-oracle/jre/lib/amd64/libnio.so
7f2d964bc000-7f2d964bd000 rw-p 00010000 08:01 2235270                    /usr/lib/jvm/java-8-oracle/jre/lib/amd64/libnio.so
7f2d964bd000-7f2d964d4000 r-xp 00000000 08:01 2235267                    /usr/lib/jvm/java-8-oracle/jre/lib/amd64/libnet.so
7f2d964d4000-7f2d966d3000 ---p 00017000 08:01 2235267                    /usr/lib/jvm/java-8-oracle/jre/lib/amd64/libnet.so
7f2d966d3000-7f2d966d4000 rw-p 00016000 08:01 2235267                    /usr/lib/jvm/java-8-oracle/jre/lib/amd64/libnet.so
7f2d966d4000-7f2d966d5000 r--s 00006000 08:03 5505644                    /home/osboxes/gradle-4.3.1/lib/gradle-wrapper-4.3.1.jar
7f2d966d5000-7f2d966e2000 r--s 00044000 08:03 5505643                    /home/osboxes/gradle-4.3.1/lib/gradle-tooling-api-4.3.1.jar
7f2d966e2000-7f2d966f1000 r--s 000c9000 08:03 5505640                    /home/osboxes/gradle-4.3.1/lib/kotlin-stdlib-1.1.51.jar
7f2d966f1000-7f2d966f3000 r--s 00002000 08:03 5505639                    /home/osboxes/gradle-4.3.1/lib/kotlin-sam-with-receiver-compiler-plugin-1.1.51.jar
7f2d966f3000-7f2d96726000 r--s 0022b000 08:03 5505252                    /home/osboxes/gradle-4.3.1/lib/kotlin-reflect-1.1.51.jar
7f2d96726000-7f2d96908000 r--s 01a42000 08:03 5505638                    /home/osboxes/gradle-4.3.1/lib/kotlin-compiler-embeddable-1.1.51.jar
7f2d96908000-7f2d96909000 r--s 00000000 08:03 5505637                    /home/osboxes/gradle-4.3.1/lib/gradle-kotlin-dsl-tooling-models-0.12.3.jar
7f2d96909000-7f2d9690b000 r--s 00003000 08:03 5505633                    /home/osboxes/gradle-4.3.1/lib/annotations-13.0.jar
7f2d9690b000-7f2d96915000 r--s 0007b000 08:03 5505634                    /home/osboxes/gradle-4.3.1/lib/gradle-kotlin-dsl-0.12.3.jar
7f2d96915000-7f2d96919000 r--s 00012000 08:03 5505649                    /home/osboxes/gradle-4.3.1/lib/gradle-build-cache-4.3.1.jar
7f2d96919000-7f2d9691f000 r--s 0002e000 08:03 5505653                    /home/osboxes/gradle-4.3.1/lib/gradle-persistent-cache-4.3.1.jar
7f2d9691f000-7f2d96923000 r--s 00014000 08:03 5505652                    /home/osboxes/gradle-4.3.1/lib/gradle-resources-4.3.1.jar
7f2d96923000-7f2d96925000 r--s 00002000 08:03 5505660                    /home/osboxes/gradle-4.3.1/lib/gradle-build-option-4.3.1.jar
7f2d96925000-7f2d96927000 r--s 00005000 08:03 5505661                    /home/osboxes/gradle-4.3.1/lib/gradle-cli-4.3.1.jar
7f2d96927000-7f2d96929000 r--s 00003000 08:03 5505668                    /home/osboxes/gradle-4.3.1/lib/jcl-over-slf4j-1.7.10.jar
7f2d96929000-7f2d9692a000 r--s 00005000 08:03 5505667                    /home/osboxes/gradle-4.3.1/lib/log4j-over-slf4j-1.7.10.jar
7f2d9692a000-7f2d9692c000 r--s 00000000 08:03 5505666                    /home/osboxes/gradle-4.3.1/lib/jul-to-slf4j-1.7.10.jar
7f2d9692c000-7f2d96933000 r--s 0002f000 08:03 5505650                    /home/osboxes/gradle-4.3.1/lib/gradle-logging-4.3.1.jar
7f2d96933000-7f2d96943000 r--s 00082000 08:03 5505656                    /home/osboxes/gradle-4.3.1/lib/gradle-model-core-4.3.1.jar
7f2d96943000-7f2d96945000 r--s 00006000 08:03 5505657                    /home/osboxes/gradle-4.3.1/lib/gradle-base-services-groovy-4.3.1.jar
7f2d96945000-7f2d96947000 r--s 00007000 08:03 5505655                    /home/osboxes/gradle-4.3.1/lib/gradle-model-groovy-4.3.1.jar
7f2d96947000-7f2d96948000 r--s 00002000 08:03 5505680                    /home/osboxes/gradle-4.3.1/lib/gradle-docs-4.3.1.jar
7f2d96948000-7f2d96952000 r--s 00078000 08:03 5505679                    /home/osboxes/gradle-4.3.1/lib/commons-compress-1.14.jar
7f2d96952000-7f2d9695f000 r--s 00083000 08:03 5505677                    /home/osboxes/gradle-4.3.1/lib/commons-collections-3.2.2.jar
7f2d9695f000-7f2d96960000 r--s 00000000 08:03 5505676                    /home/osboxes/gradle-4.3.1/lib/javax.inject-1.jar
7f2d96960000-7f2d969d0000 r--s 00646000 08:03 5505674                    /home/osboxes/gradle-4.3.1/lib/groovy-all-2.4.12.jar
7f2d969d0000-7f2d969d3000 r--s 00023000 08:03 5505681                    /home/osboxes/gradle-4.3.1/lib/jansi-1.14.jar
7f2d969d3000-7f2d969d4000 r--s 00004000 08:03 5505683                    /home/osboxes/gradle-4.3.1/lib/native-platform-freebsd-amd64-libcpp-0.14.jar
7f2d969d4000-7f2d969d5000 r--s 00004000 08:03 5505684                    /home/osboxes/gradle-4.3.1/lib/native-platform-freebsd-amd64-libstdcpp-0.14.jar
7f2d969d5000-7f2d969d6000 r--s 00004000 08:03 5505685                    /home/osboxes/gradle-4.3.1/lib/native-platform-freebsd-i386-libcpp-0.14.jar
7f2d969d6000-7f2d969d7000 r--s 00003000 08:03 5505686                    /home/osboxes/gradle-4.3.1/lib/native-platform-freebsd-i386-libstdcpp-0.14.jar
7f2d969d7000-7f2d969d8000 r--s 00002000 08:03 5505687                    /home/osboxes/gradle-4.3.1/lib/native-platform-linux-amd64-0.14.jar
7f2d969d8000-7f2d969d9000 r--s 00002000 08:03 5505688                    /home/osboxes/gradle-4.3.1/lib/native-platform-linux-i386-0.14.jar
7f2d969d9000-7f2d969db000 r--s 00002000 08:03 5505689                    /home/osboxes/gradle-4.3.1/lib/native-platform-osx-amd64-0.14.jar
7f2d969db000-7f2d969dc000 r--s 00003000 08:03 5505690                    /home/osboxes/gradle-4.3.1/lib/native-platform-osx-i386-0.14.jar
7f2d969dc000-7f2d969de000 r--s 0000b000 08:03 5505691                    /home/osboxes/gradle-4.3.1/lib/native-platform-windows-amd64-0.14.jar
7f2d969de000-7f2d969df000 r--s 0000b000 08:03 5505692                    /home/osboxes/gradle-4.3.1/lib/native-platform-windows-i386-0.14.jar
7f2d969df000-7f2d969e0000 r--s 00001000 08:03 5505693                    /home/osboxes/gradle-4.3.1/lib/native-platform-linux-amd64-ncurses5-0.14.jar
7f2d969e0000-7f2d969e1000 r--s 00001000 08:03 5505694                    /home/osboxes/gradle-4.3.1/lib/native-platform-linux-amd64-ncurses6-0.14.jar
7f2d969e1000-7f2d969e2000 r--s 00001000 08:03 5505695                    /home/osboxes/gradle-4.3.1/lib/native-platform-linux-i386-ncurses5-0.14.jar
7f2d969e2000-7f2d969e6000 r--s 00012000 08:03 5505678                    /home/osboxes/gradle-4.3.1/lib/native-platform-0.14.jar
7f2d969e6000-7f2d969e9000 r--s 0000c000 08:03 5505654                    /home/osboxes/gradle-4.3.1/lib/gradle-native-4.3.1.jar
7f2d969e9000-7f2d969eb000 r--s 0000f000 08:03 5505663                    /home/osboxes/gradle-4.3.1/lib/reflectasm-1.07-shaded.jar
7f2d969eb000-7f2d969ed000 r--s 00000000 08:03 5505697                    /home/osboxes/gradle-4.3.1/lib/minlog-1.2.jar
7f2d969ed000-7f2d969ef000 r--s 00007000 08:03 5505698                    /home/osboxes/gradle-4.3.1/lib/objenesis-1.2.jar
7f2d969ef000-7f2d969f3000 r--s 00026000 08:03 5505662                    /home/osboxes/gradle-4.3.1/lib/kryo-2.20.jar
7f2d969f3000-7f2d969f9000 r--s 0002b000 08:03 5505658                    /home/osboxes/gradle-4.3.1/lib/gradle-messaging-4.3.1.jar
7f2d969f9000-7f2d969fb000 r--s 00006000 08:03 5505651                    /home/osboxes/gradle-4.3.1/lib/gradle-process-services-4.3.1.jar
7f2d969fb000-7f2d96a00000 r--s 00041000 08:03 5505672                    /home/osboxes/gradle-4.3.1/lib/commons-lang-2.6.jar
7f2d96a00000-7f2d96a28000 r--s 001cf000 08:03 5505670                    /home/osboxes/gradle-4.3.1/lib/guava-jdk5-17.0.jar
7f2d96a28000-7f2d96a47000 r--s 001d1000 08:03 5505675                    /home/osboxes/gradle-4.3.1/lib/ant-1.9.6.jar
7f2d96a47000-7f2d96a83000 r--s 00201000 08:03 5505646                    /home/osboxes/gradle-4.3.1/lib/gradle-core-4.3.1.jar
7f2d96a83000-7f2d96a8f000 r--s 00032000 08:03 5505648                    /home/osboxes/gradle-4.3.1/lib/gradle-core-api-4.3.1.jar
7f2d96a8f000-7f2d96a9b000 r--s 0005a000 08:03 5505659                    /home/osboxes/gradle-4.3.1/lib/gradle-base-services-4.3.1.jar
7f2d96a9b000-7f2d96a9c000 ---p 00000000 00:00 0 
7f2d96a9c000-7f2d96b9c000 rw-p 00000000 00:00 0 
7f2d96b9c000-7f2d96b9f000 ---p 00000000 00:00 0 
7f2d96b9f000-7f2d96c9d000 rw-p 00000000 00:00 0 
7f2d96c9d000-7f2d96ca0000 ---p 00000000 00:00 0 
7f2d96ca0000-7f2d96d9e000 rw-p 00000000 00:00 0 
7f2d96d9e000-7f2d96da1000 ---p 00000000 00:00 0 
7f2d96da1000-7f2d96e9f000 rw-p 00000000 00:00 0 
7f2d96e9f000-7f2d96ea2000 ---p 00000000 00:00 0 
7f2d96ea2000-7f2d96fa0000 rw-p 00000000 00:00 0 
7f2d96fa0000-7f2d9796a000 r--p 00000000 08:01 1841927                    /usr/lib/locale/locale-archive
7f2d9796a000-7f2d9796d000 ---p 00000000 00:00 0 
7f2d9796d000-7f2d97a6b000 rw-p 00000000 00:00 0 
7f2d97a6b000-7f2d97a6e000 ---p 00000000 00:00 0 
7f2d97a6e000-7f2d97b6c000 rw-p 00000000 00:00 0 
7f2d97b6c000-7f2d97b6d000 ---p 00000000 00:00 0 
7f2d97b6d000-7f2d97c6d000 rw-p 00000000 00:00 0 
7f2d97c6d000-7f2d97e46000 r--s 03d5a000 08:01 2103251                    /usr/lib/jvm/java-8-oracle/jre/lib/rt.jar
7f2d97e46000-7f2d986bc000 rw-p 00000000 00:00 0 
7f2d986bc000-7f2d986cc000 rw-p 00000000 00:00 0 
7f2d986cc000-7f2d98812000 ---p 00000000 00:00 0 
7f2d98812000-7f2d98856000 rw-p 00000000 00:00 0 
7f2d98856000-7f2d98bd2000 ---p 00000000 00:00 0 
7f2d98bd2000-7f2d99ca2000 rwxp 00000000 00:00 0 
7f2d99ca2000-7f2da7bd2000 ---p 00000000 00:00 0 
7f2da7bd2000-7f2da7bed000 r-xp 00000000 08:01 2235263                    /usr/lib/jvm/java-8-oracle/jre/lib/amd64/libzip.so
7f2da7bed000-7f2da7ded000 ---p 0001b000 08:01 2235263                    /usr/lib/jvm/java-8-oracle/jre/lib/amd64/libzip.so
7f2da7ded000-7f2da7dee000 rw-p 0001b000 08:01 2235263                    /usr/lib/jvm/java-8-oracle/jre/lib/amd64/libzip.so
7f2da7dee000-7f2da7df9000 r-xp 00000000 08:01 3543654                    /lib/x86_64-linux-gnu/libnss_files-2.26.so
7f2da7df9000-7f2da7ff8000 ---p 0000b000 08:01 3543654                    /lib/x86_64-linux-gnu/libnss_files-2.26.so
7f2da7ff8000-7f2da7ff9000 r--p 0000a000 08:01 3543654                    /lib/x86_64-linux-gnu/libnss_files-2.26.so
7f2da7ff9000-7f2da7ffa000 rw-p 0000b000 08:01 3543654                    /lib/x86_64-linux-gnu/libnss_files-2.26.so
7f2da7ffa000-7f2da8000000 rw-p 00000000 00:00 0 
7f2da8000000-7f2da8fe7000 rw-p 00000000 00:00 0 
7f2da8fe7000-7f2dac000000 ---p 00000000 00:00 0 
7f2dac000000-7f2dac001000 r--s 00001000 08:03 5505696                    /home/osboxes/gradle-4.3.1/lib/native-platform-linux-i386-ncurses6-0.14.jar
7f2dac001000-7f2dac003000 r--s 00000000 08:03 5505647                    /home/osboxes/gradle-4.3.1/lib/gradle-jvm-services-4.3.1.jar
7f2dac003000-7f2dac004000 r--s 00000000 08:03 5505673                    /home/osboxes/gradle-4.3.1/lib/jcip-annotations-1.0.jar
7f2dac004000-7f2dac00c000 rw-p 00000000 00:00 0 
7f2dac00c000-7f2dac0ae000 ---p 00000000 00:00 0 
7f2dac0ae000-7f2dac0bf000 rw-p 00000000 00:00 0 
7f2dac0bf000-7f2dac204000 ---p 00000000 00:00 0 
7f2dac204000-7f2dac205000 rw-p 00000000 00:00 0 
7f2dac205000-7f2dac210000 r-xp 00000000 08:01 3543665                    /lib/x86_64-linux-gnu/libnss_nis-2.26.so
7f2dac210000-7f2dac40f000 ---p 0000b000 08:01 3543665                    /lib/x86_64-linux-gnu/libnss_nis-2.26.so
7f2dac40f000-7f2dac410000 r--p 0000a000 08:01 3543665                    /lib/x86_64-linux-gnu/libnss_nis-2.26.so
7f2dac410000-7f2dac411000 rw-p 0000b000 08:01 3543665                    /lib/x86_64-linux-gnu/libnss_nis-2.26.so
7f2dac411000-7f2dac428000 r-xp 00000000 08:01 3543648                    /lib/x86_64-linux-gnu/libnsl-2.26.so
7f2dac428000-7f2dac627000 ---p 00017000 08:01 3543648                    /lib/x86_64-linux-gnu/libnsl-2.26.so
7f2dac627000-7f2dac628000 r--p 00016000 08:01 3543648                    /lib/x86_64-linux-gnu/libnsl-2.26.so
7f2dac628000-7f2dac629000 rw-p 00017000 08:01 3543648                    /lib/x86_64-linux-gnu/libnsl-2.26.so
7f2dac629000-7f2dac62b000 rw-p 00000000 00:00 0 
7f2dac62b000-7f2dac633000 r-xp 00000000 08:01 3543650                    /lib/x86_64-linux-gnu/libnss_compat-2.26.so
7f2dac633000-7f2dac832000 ---p 00008000 08:01 3543650                    /lib/x86_64-linux-gnu/libnss_compat-2.26.so
7f2dac832000-7f2dac833000 r--p 00007000 08:01 3543650                    /lib/x86_64-linux-gnu/libnss_compat-2.26.so
7f2dac833000-7f2dac834000 rw-p 00008000 08:01 3543650                    /lib/x86_64-linux-gnu/libnss_compat-2.26.so
7f2dac834000-7f2dac85f000 r-xp 00000000 08:01 2235257                    /usr/lib/jvm/java-8-oracle/jre/lib/amd64/libjava.so
7f2dac85f000-7f2daca5e000 ---p 0002b000 08:01 2235257                    /usr/lib/jvm/java-8-oracle/jre/lib/amd64/libjava.so
7f2daca5e000-7f2daca60000 rw-p 0002a000 08:01 2235257                    /usr/lib/jvm/java-8-oracle/jre/lib/amd64/libjava.so
7f2daca60000-7f2daca6d000 r-xp 00000000 08:01 2235262                    /usr/lib/jvm/java-8-oracle/jre/lib/amd64/libverify.so
7f2daca6d000-7f2dacc6d000 ---p 0000d000 08:01 2235262                    /usr/lib/jvm/java-8-oracle/jre/lib/amd64/libverify.so
7f2dacc6d000-7f2dacc6f000 rw-p 0000d000 08:01 2235262                    /usr/lib/jvm/java-8-oracle/jre/lib/amd64/libverify.so
7f2dacc6f000-7f2dacc76000 r-xp 00000000 08:01 3543708                    /lib/x86_64-linux-gnu/librt-2.26.so
7f2dacc76000-7f2dace75000 ---p 00007000 08:01 3543708                    /lib/x86_64-linux-gnu/librt-2.26.so
7f2dace75000-7f2dace76000 r--p 00006000 08:01 3543708                    /lib/x86_64-linux-gnu/librt-2.26.so
7f2dace76000-7f2dace77000 rw-p 00007000 08:01 3543708                    /lib/x86_64-linux-gnu/librt-2.26.so
7f2dace77000-7f2dacfcc000 r-xp 00000000 08:01 3543627                    /lib/x86_64-linux-gnu/libm-2.26.so
7f2dacfcc000-7f2dad1cb000 ---p 00155000 08:01 3543627                    /lib/x86_64-linux-gnu/libm-2.26.so
7f2dad1cb000-7f2dad1cc000 r--p 00154000 08:01 3543627                    /lib/x86_64-linux-gnu/libm-2.26.so
7f2dad1cc000-7f2dad1cd000 rw-p 00155000 08:01 3543627                    /lib/x86_64-linux-gnu/libm-2.26.so
7f2dad1cd000-7f2dadea0000 r-xp 00000000 08:01 2235240                    /usr/lib/jvm/java-8-oracle/jre/lib/amd64/server/libjvm.so
7f2dadea0000-7f2dae09f000 ---p 00cd3000 08:01 2235240                    /usr/lib/jvm/java-8-oracle/jre/lib/amd64/server/libjvm.so
7f2dae09f000-7f2dae179000 rw-p 00cd2000 08:01 2235240                    /usr/lib/jvm/java-8-oracle/jre/lib/amd64/server/libjvm.so
7f2dae179000-7f2dae1c4000 rw-p 00000000 00:00 0 
7f2dae1c4000-7f2dae39a000 r-xp 00000000 08:01 3543561                    /lib/x86_64-linux-gnu/libc-2.26.so
7f2dae39a000-7f2dae59a000 ---p 001d6000 08:01 3543561                    /lib/x86_64-linux-gnu/libc-2.26.so
7f2dae59a000-7f2dae59e000 r--p 001d6000 08:01 3543561                    /lib/x86_64-linux-gnu/libc-2.26.so
7f2dae59e000-7f2dae5a0000 rw-p 001da000 08:01 3543561                    /lib/x86_64-linux-gnu/libc-2.26.so
7f2dae5a0000-7f2dae5a4000 rw-p 00000000 00:00 0 
7f2dae5a4000-7f2dae5a7000 r-xp 00000000 08:01 3543585                    /lib/x86_64-linux-gnu/libdl-2.26.so
7f2dae5a7000-7f2dae7a6000 ---p 00003000 08:01 3543585                    /lib/x86_64-linux-gnu/libdl-2.26.so
7f2dae7a6000-7f2dae7a7000 r--p 00002000 08:01 3543585                    /lib/x86_64-linux-gnu/libdl-2.26.so
7f2dae7a7000-7f2dae7a8000 rw-p 00003000 08:01 3543585                    /lib/x86_64-linux-gnu/libdl-2.26.so
7f2dae7a8000-7f2dae7be000 r-xp 00000000 08:01 1973577                    /usr/lib/jvm/java-8-oracle/lib/amd64/jli/libjli.so
7f2dae7be000-7f2dae9bd000 ---p 00016000 08:01 1973577                    /usr/lib/jvm/java-8-oracle/lib/amd64/jli/libjli.so
7f2dae9bd000-7f2dae9be000 rw-p 00015000 08:01 1973577                    /usr/lib/jvm/java-8-oracle/lib/amd64/jli/libjli.so
7f2dae9be000-7f2dae9d8000 r-xp 00000000 08:01 3543700                    /lib/x86_64-linux-gnu/libpthread-2.26.so
7f2dae9d8000-7f2daebd7000 ---p 0001a000 08:01 3543700                    /lib/x86_64-linux-gnu/libpthread-2.26.so
7f2daebd7000-7f2daebd8000 r--p 00019000 08:01 3543700                    /lib/x86_64-linux-gnu/libpthread-2.26.so
7f2daebd8000-7f2daebd9000 rw-p 0001a000 08:01 3543700                    /lib/x86_64-linux-gnu/libpthread-2.26.so
7f2daebd9000-7f2daebdd000 rw-p 00000000 00:00 0 
7f2daebdd000-7f2daec04000 r-xp 00000000 08:01 3543533                    /lib/x86_64-linux-gnu/ld-2.26.so
7f2daec04000-7f2daec07000 r--s 00006000 08:03 5505671                    /home/osboxes/gradle-4.3.1/lib/jsr305-1.3.9.jar
7f2daec07000-7f2daec08000 r--s 00007000 08:03 5505669                    /home/osboxes/gradle-4.3.1/lib/slf4j-api-1.7.10.jar
7f2daec08000-7f2daec0c000 r--s 00027000 08:03 5505665                    /home/osboxes/gradle-4.3.1/lib/commons-io-2.2.jar
7f2daec0c000-7f2daec19000 r--s 0005e000 08:03 5505641                    /home/osboxes/gradle-4.3.1/lib/gradle-launcher-4.3.1.jar
7f2daec19000-7f2daeceb000 rw-p 00000000 00:00 0 
7f2daeceb000-7f2daecee000 ---p 00000000 00:00 0 
7f2daecee000-7f2daedee000 rw-p 00000000 00:00 0 
7f2daedee000-7f2daedf6000 r--s 000bd000 08:03 5505664                    /home/osboxes/gradle-4.3.1/lib/asm-debug-all-6.0_ALPHA.jar
7f2daedf6000-7f2daedf7000 r--s 00004000 08:03 5505682                    /home/osboxes/gradle-4.3.1/lib/ant-launcher-1.9.6.jar
7f2daedf7000-7f2daedff000 rw-s 00000000 08:01 1703991                    /tmp/hsperfdata_osboxes/18813
7f2daedff000-7f2daee00000 rw-p 00000000 00:00 0 
7f2daee00000-7f2daee01000 ---p 00000000 00:00 0 
7f2daee01000-7f2daee04000 rw-p 00000000 00:00 0 
7f2daee04000-7f2daee05000 r--p 00027000 08:01 3543533                    /lib/x86_64-linux-gnu/ld-2.26.so
7f2daee05000-7f2daee06000 rw-p 00028000 08:01 3543533                    /lib/x86_64-linux-gnu/ld-2.26.so
7f2daee06000-7f2daee07000 rw-p 00000000 00:00 0 
7fffcde2c000-7fffcde4d000 rw-p 00000000 00:00 0                          [stack]
7fffcded3000-7fffcded6000 r--p 00000000 00:00 0                          [vvar]
7fffcded6000-7fffcded8000 r-xp 00000000 00:00 0                          [vdso]
ffffffffff600000-ffffffffff601000 r-xp 00000000 00:00 0                  [vsyscall]

VM Arguments:
jvm_args: -XX:+HeapDumpOnOutOfMemoryError -Xmx1024m -Dfile.encoding=UTF-8 -Duser.country=US -Duser.language=en -Duser.variant 
java_command: org.gradle.launcher.daemon.bootstrap.GradleDaemon 4.3.1
java_class_path (initial): /home/osboxes/gradle-4.3.1/lib/gradle-launcher-4.3.1.jar
Launcher Type: SUN_STANDARD

Environment Variables:
PATH=/usr/local/sbin:/usr/local/bin:/usr/sbin:/usr/bin:/sbin:/bin:/usr/games:/usr/local/games:/snap/bin
USERNAME=osboxes
LD_LIBRARY_PATH=/home/osboxes/idea-IC-172.4343.14/bin:
SHELL=/bin/bash
DISPLAY=:0

Signal Handlers:
SIGSEGV: [libjvm.so+0xacbe10], sa_mask[0]=11111111011111111101111111111110, sa_flags=SA_RESTART|SA_SIGINFO
SIGBUS: [libjvm.so+0xacbe10], sa_mask[0]=11111111011111111101111111111110, sa_flags=SA_RESTART|SA_SIGINFO
SIGFPE: [libjvm.so+0x924f90], sa_mask[0]=11111111011111111101111111111110, sa_flags=SA_RESTART|SA_SIGINFO
SIGPIPE: [libjvm.so+0x924f90], sa_mask[0]=11111111011111111101111111111110, sa_flags=SA_RESTART|SA_SIGINFO
SIGXFSZ: [libjvm.so+0x924f90], sa_mask[0]=11111111011111111101111111111110, sa_flags=SA_RESTART|SA_SIGINFO
SIGILL: [libjvm.so+0x924f90], sa_mask[0]=11111111011111111101111111111110, sa_flags=SA_RESTART|SA_SIGINFO
SIGUSR1: SIG_DFL, sa_mask[0]=00000000000000000000000000000000, sa_flags=none
SIGUSR2: [libjvm.so+0x9267d0], sa_mask[0]=00100000000000000000000000000000, sa_flags=SA_RESTART|SA_SIGINFO
SIGHUP: [libjvm.so+0x927bd0], sa_mask[0]=11111111011111111101111111111110, sa_flags=SA_RESTART|SA_SIGINFO
SIGINT: [libjvm.so+0x927bd0], sa_mask[0]=11111111011111111101111111111110, sa_flags=SA_RESTART|SA_SIGINFO
SIGTERM: [libjvm.so+0x927bd0], sa_mask[0]=11111111011111111101111111111110, sa_flags=SA_RESTART|SA_SIGINFO
SIGQUIT: [libjvm.so+0x927bd0], sa_mask[0]=11111111011111111101111111111110, sa_flags=SA_RESTART|SA_SIGINFO


---------------  S Y S T E M  ---------------

OS:DISTRIB_ID=Ubuntu
DISTRIB_RELEASE=17.10
DISTRIB_CODENAME=artful
DISTRIB_DESCRIPTION="Ubuntu 17.10"

uname:Linux 4.13.0-16-generic #19-Ubuntu SMP Wed Oct 11 18:35:14 UTC 2017 x86_64
libc:glibc 2.26 NPTL 2.26 
rlimit: STACK 8192k, CORE 0k, NPROC 3747, NOFILE 4096, AS infinity
load average:11.29 6.14 3.08

/proc/meminfo:
MemTotal:        1012468 kB
MemFree:           57072 kB
MemAvailable:       3640 kB
Buffers:             376 kB
Cached:            18912 kB
SwapCached:         2760 kB
Active:           383064 kB
Inactive:         386516 kB
Active(anon):     377300 kB
Inactive(anon):   377500 kB
Active(file):       5764 kB
Inactive(file):     9016 kB
Unevictable:          48 kB
Mlocked:              48 kB
SwapTotal:       2097148 kB
SwapFree:              8 kB
Dirty:               128 kB
Writeback:           580 kB
AnonPages:        747708 kB
Mapped:            12684 kB
Shmem:              4380 kB
Slab:              55612 kB
SReclaimable:      20864 kB
SUnreclaim:        34748 kB
KernelStack:       12896 kB
PageTables:        57884 kB
NFS_Unstable:          0 kB
Bounce:                0 kB
WritebackTmp:          0 kB
CommitLimit:     2603380 kB
Committed_AS:    8704568 kB
VmallocTotal:   34359738367 kB
VmallocUsed:           0 kB
VmallocChunk:          0 kB
HardwareCorrupted:     0 kB
AnonHugePages:         0 kB
ShmemHugePages:        0 kB
ShmemPmdMapped:        0 kB
CmaTotal:              0 kB
CmaFree:               0 kB
HugePages_Total:       0
HugePages_Free:        0
HugePages_Rsvd:        0
HugePages_Surp:        0
Hugepagesize:       2048 kB
DirectMap4k:      194496 kB
DirectMap2M:      854016 kB


CPU:total 1 (initial active 1) (1 cores per cpu, 1 threads per core) family 6 model 94 stepping 3, cmov, cx8, fxsr, mmx, sse, sse2, sse3, ssse3, sse4.1, sse4.2, popcnt, avx, aes, clmul, 3dnowpref, lzcnt, tsc, tscinvbit

/proc/cpuinfo:
processor	: 0
vendor_id	: GenuineIntel
cpu family	: 6
model		: 94
model name	: Intel(R) Core(TM) i7-6700HQ CPU @ 2.60GHz
stepping	: 3
cpu MHz		: 2592.000
cache size	: 6144 KB
physical id	: 0
siblings	: 1
core id		: 0
cpu cores	: 1
apicid		: 0
initial apicid	: 0
fpu		: yes
fpu_exception	: yes
cpuid level	: 22
wp		: yes
flags		: fpu vme de pse tsc msr pae mce cx8 apic sep mtrr pge mca cmov pat pse36 clflush mmx fxsr sse sse2 syscall nx rdtscp lm constant_tsc rep_good nopl xtopology nonstop_tsc cpuid pni pclmulqdq monitor ssse3 cx16 sse4_1 sse4_2 x2apic movbe popcnt aes xsave avx rdrand hypervisor lahf_lm abm 3dnowprefetch rdseed clflushopt
bugs		:
bogomips	: 5184.00
clflush size	: 64
cache_alignment	: 64
address sizes	: 39 bits physical, 48 bits virtual
power management:



Memory: 4k page, physical 1012468k(57216k free), swap 2097148k(8k free)

vm_info: Java HotSpot(TM) 64-Bit Server VM (25.151-b12) for linux-amd64 JRE (1.8.0_151-b12), built on Sep  5 2017 19:20:58 by "java_re" with gcc 4.3.0 20080428 (Red Hat 4.3.0-8)

time: Sat Nov 11 17:58:18 2017
elapsed time: 184 seconds (0d 0h 3m 4s)

